Configuring ansi-terminal-0.6.2.3...
Building ansi-terminal-0.6.2.3...
Preprocessing library ansi-terminal-0.6.2.3...
[1 of 6] Compiling System.Console.ANSI.Windows.Foreign ( System\Console\ANSI\Windows\Foreign.hs, .stack-work\dist\2672c1f3\build\System\Console\ANSI\Windows\Foreign.o )

System\Console\ANSI\Windows\Foreign.hs:233:1: Warning:
    the 'stdcall' calling convention is unsupported on this platform,
    treating as ccall
    When checking declaration:
      foreign import stdcall unsafe "static windows.h GetStdHandle" getStdHandle
        :: DWORD -> IO HANDLE

System\Console\ANSI\Windows\Foreign.hs:234:1: Warning:
    the 'stdcall' calling convention is unsupported on this platform,
    treating as ccall
    When checking declaration:
      foreign import stdcall unsafe "static windows.h GetConsoleScreenBufferInfo" cGetConsoleScreenBufferInfo
        :: HANDLE -> Ptr CONSOLE_SCREEN_BUFFER_INFO -> IO BOOL

System\Console\ANSI\Windows\Foreign.hs:235:1: Warning:
    the 'stdcall' calling convention is unsupported on this platform,
    treating as ccall
    When checking declaration:
      foreign import stdcall unsafe "static windows.h GetConsoleCursorInfo" cGetConsoleCursorInfo
        :: HANDLE -> Ptr CONSOLE_CURSOR_INFO -> IO BOOL

System\Console\ANSI\Windows\Foreign.hs:237:1: Warning:
    the 'stdcall' calling convention is unsupported on this platform,
    treating as ccall
    When checking declaration:
      foreign import stdcall unsafe "static windows.h SetConsoleTextAttribute" cSetConsoleTextAttribute
        :: HANDLE -> WORD -> IO BOOL

System\Console\ANSI\Windows\Foreign.hs:238:1: Warning:
    the 'stdcall' calling convention is unsupported on this platform,
    treating as ccall
    When checking declaration:
      foreign import stdcall unsafe "static windows.h SetConsoleCursorPosition" cSetConsoleCursorPosition
        :: HANDLE -> UNPACKED_COORD -> IO BOOL

System\Console\ANSI\Windows\Foreign.hs:239:1: Warning:
    the 'stdcall' calling convention is unsupported on this platform,
    treating as ccall
    When checking declaration:
      foreign import stdcall unsafe "static windows.h SetConsoleCursorInfo" cSetConsoleCursorInfo
        :: HANDLE -> Ptr CONSOLE_CURSOR_INFO -> IO BOOL

System\Console\ANSI\Windows\Foreign.hs:240:1: Warning:
    the 'stdcall' calling convention is unsupported on this platform,
    treating as ccall
    When checking declaration:
      foreign import stdcall unsafe "static windows.h SetConsoleTitleW" cSetConsoleTitle
        :: LPCTSTR -> IO BOOL

System\Console\ANSI\Windows\Foreign.hs:242:1: Warning:
    the 'stdcall' calling convention is unsupported on this platform,
    treating as ccall
    When checking declaration:
      foreign import stdcall unsafe "static windows.h FillConsoleOutputAttribute" cFillConsoleOutputAttribute
        :: HANDLE
           -> WORD -> DWORD -> UNPACKED_COORD -> Ptr DWORD -> IO BOOL

System\Console\ANSI\Windows\Foreign.hs:243:1: Warning:
    the 'stdcall' calling convention is unsupported on this platform,
    treating as ccall
    When checking declaration:
      foreign import stdcall unsafe "static windows.h FillConsoleOutputCharacterW" cFillConsoleOutputCharacter
        :: HANDLE
           -> TCHAR -> DWORD -> UNPACKED_COORD -> Ptr DWORD -> IO BOOL

System\Console\ANSI\Windows\Foreign.hs:244:1: Warning:
    the 'stdcall' calling convention is unsupported on this platform,
    treating as ccall
    When checking declaration:
      foreign import stdcall unsafe "static windows.h ScrollConsoleScreenBufferW" cScrollConsoleScreenBuffer
        :: HANDLE
           -> Ptr SMALL_RECT
              -> Ptr SMALL_RECT -> UNPACKED_COORD -> Ptr CHAR_INFO -> IO BOOL
[2 of 6] Compiling System.Console.ANSI.Common ( System\Console\ANSI\Common.hs, .stack-work\dist\2672c1f3\build\System\Console\ANSI\Common.o )
[3 of 6] Compiling System.Console.ANSI.Unix ( System\Console\ANSI\Unix.hs, .stack-work\dist\2672c1f3\build\System\Console\ANSI\Unix.o )
[4 of 6] Compiling System.Console.ANSI.Windows.Emulator ( System\Console\ANSI\Windows\Emulator.hs, .stack-work\dist\2672c1f3\build\System\Console\ANSI\Windows\Emulator.o )

System\Console\ANSI\Windows\Emulator.hs:103:5: Warning:
    A do-notation statement discarded a result of type `DWORD'
    Suppress this warning by saying
      `_ <- fillConsoleOutputCharacter
              handle clearChar fill_length fill_cursor_pos'
    or by using the flag -fno-warn-unused-do-bind

System\Console\ANSI\Windows\Emulator.hs:104:5: Warning:
    A do-notation statement discarded a result of type `DWORD'
    Suppress this warning by saying
      `_ <- fillConsoleOutputAttribute
              handle clearAttribute fill_length fill_cursor_pos'
    or by using the flag -fno-warn-unused-do-bind
[5 of 6] Compiling System.Console.ANSI.Windows ( System\Console\ANSI\Windows.hs, .stack-work\dist\2672c1f3\build\System\Console\ANSI\Windows.o )
[6 of 6] Compiling System.Console.ANSI ( System\Console\ANSI.hs, .stack-work\dist\2672c1f3\build\System\Console\ANSI.o )
In-place registering ansi-terminal-0.6.2.3...
Installing library in
C:\sr\snapshots\f21484d8\lib\x86_64-windows-ghc-7.10.3\ansi-terminal-0.6.2.3-17j0yRazsq84la3DzBiNwu
Registering ansi-terminal-0.6.2.3...
