[1 of 2] Compiling Main             ( C:\Users\Michael\AppData\Local\Temp\stack13492\entropy-0.3.7\Setup.hs, C:\Users\Michael\AppData\Local\Temp\stack13492\entropy-0.3.7\.stack-work\dist\2672c1f3\setup\Main.o )
[2 of 2] Compiling StackSetupShim   ( C:\sr\setup-exe-src\setup-shim-Z6RU0evB.hs, C:\Users\Michael\AppData\Local\Temp\stack13492\entropy-0.3.7\.stack-work\dist\2672c1f3\setup\StackSetupShim.o )
Linking C:\Users\Michael\AppData\Local\Temp\stack13492\entropy-0.3.7\.stack-work\dist\2672c1f3\setup\setup.exe ...
Configuring entropy-0.3.7...
Result of RDRAND Test: True
Building entropy-0.3.7...
Preprocessing library entropy-0.3.7...
[1 of 2] Compiling System.EntropyWindows ( System\EntropyWindows.hs, .stack-work\dist\2672c1f3\build\System\EntropyWindows.o )

System\EntropyWindows.hs:80:1: Warning:
    the 'stdcall' calling convention is unsupported on this platform,
    treating as ccall
    When checking declaration:
      foreign import stdcall unsafe "static CryptAcquireContextA" c_cryptAcquireCtx
        :: Ptr Word32 -> CString -> CString -> Word32 -> Word32 -> IO Int32

System\EntropyWindows.hs:82:1: Warning:
    the 'stdcall' calling convention is unsupported on this platform,
    treating as ccall
    When checking declaration:
      foreign import stdcall unsafe "static CryptGenRandom" c_cryptGenRandom
        :: Word32 -> Word32 -> Ptr Word8 -> IO Int32

System\EntropyWindows.hs:84:1: Warning:
    the 'stdcall' calling convention is unsupported on this platform,
    treating as ccall
    When checking declaration:
      foreign import stdcall unsafe "static CryptReleaseContext" c_cryptReleaseCtx
        :: Word32 -> Word32 -> IO Int32
[2 of 2] Compiling System.Entropy   ( System\Entropy.hs, .stack-work\dist\2672c1f3\build\System\Entropy.o )
In-place registering entropy-0.3.7...
Installing library in
C:\sr\snapshots\f21484d8\lib\x86_64-windows-ghc-7.10.3\entropy-0.3.7-EWh32pHo6ClFU85Pc5o5Zm
Registering entropy-0.3.7...
