Configuring wai-websockets-3.0.0.9...
Building wai-websockets-3.0.0.9...
Preprocessing library wai-websockets-3.0.0.9...
[1 of 1] Compiling Network.Wai.Handler.WebSockets ( Network\Wai\Handler\WebSockets.hs, .stack-work\dist\2672c1f3\build\Network\Wai\Handler\WebSockets.o )
In-place registering wai-websockets-3.0.0.9...
Preprocessing executable 'wai-websockets-example' for
wai-websockets-3.0.0.9...
[1 of 2] Compiling Network.Wai.Handler.WebSockets ( Network\Wai\Handler\WebSockets.hs, .stack-work\dist\2672c1f3\build\wai-websockets-example\wai-websockets-example-tmp\Network\Wai\Handler\WebSockets.o )
[2 of 2] Compiling Main             ( server.lhs, .stack-work\dist\2672c1f3\build\wai-websockets-example\wai-websockets-example-tmp\Main.o )

server.lhs:12:3: Warning:
    The import of `Data.Monoid' is redundant
      except perhaps to import instances from `Data.Monoid'
    To import instances alone, use: import Data.Monoid()

server.lhs:16:3: Warning:
    The import of `forkIO'
    from module `Control.Concurrent' is redundant

server.lhs:47:3: Warning: Defined but not used: `numClients'
Linking .stack-work\dist\2672c1f3\build\wai-websockets-example\wai-websockets-example.exe ...
Installing library in
C:\sr\snapshots\f21484d8\lib\x86_64-windows-ghc-7.10.3\wai-websockets-3.0.0.9-CisiS5yt3bx60BYlg6It9G
Installing executable(s) in C:\sr\snapshots\f21484d8\bin
Registering wai-websockets-3.0.0.9...
